<?xml version="1.0" encoding="UTF-8"?>
<!-- Generated by org.testng.reporters.JUnitXMLReporter -->
<testsuite ignored="0" hostname="SHRADHA-2411" failures="0" tests="3" name="UI + API Tests" time="27.465" errors="0" timestamp="2026-05-17T09:35:36 IST">
  <testcase classname="io.cucumber.testng.AbstractTestNGCucumberTests" name="runScenario" time="13.63"/>
  <testcase classname="io.cucumber.testng.AbstractTestNGCucumberTests" name="runScenario" time="8.822"/>
  <testcase classname="api.tests.UserAPITest" name="getBooksTest" time="4.024"/>
</testsuite> <!-- UI + API Tests -->
