<?xml version="1.0" encoding="UTF-8"?>
<!-- Generated by org.testng.reporters.JUnitXMLReporter -->
<testsuite ignored="0" hostname="SHRADHA-2411" failures="0" tests="3" name="UI + API Tests" time="25.951" errors="0" timestamp="2026-05-16T15:29:25 IST">
  <testcase classname="io.cucumber.testng.AbstractTestNGCucumberTests" name="runScenario" time="13.028"/>
  <testcase classname="io.cucumber.testng.AbstractTestNGCucumberTests" name="runScenario" time="8.456"/>
  <testcase classname="api.tests.UserAPITest" name="getBooksTest" time="3.095"/>
</testsuite> <!-- UI + API Tests -->
