<?xml version="1.0" encoding="UTF-8"?>
<testng-results ignored="0" total="3" passed="3" failed="0" skipped="0">
  <reporter-output>
  </reporter-output>
  <suite started-at="2026-05-16T15:28:59 IST" name="Capstone Suite" finished-at="2026-05-16T15:29:25 IST" duration-ms="25951">
    <groups>
      <group name="cucumber">
        <method signature="AbstractTestNGCucumberTests.runScenario(io.cucumber.testng.PickleWrapper,io.cucumber.testng.FeatureWrapper)[pri:0, instance:runners.TestRunner@4ec4f3a0]" name="runScenario" class="io.cucumber.testng.AbstractTestNGCucumberTests"/>
      </group> <!-- cucumber -->
    </groups>
    <test started-at="2026-05-16T15:28:59 IST" name="UI + API Tests" finished-at="2026-05-16T15:29:25 IST" duration-ms="25951">
      <class name="api.tests.UserAPITest">
        <test-method signature="getBooksTest()[pri:0, instance:api.tests.UserAPITest@55183b20]" started-at="2026-05-16T15:29:22 IST" name="getBooksTest" finished-at="2026-05-16T15:29:25 IST" duration-ms="3095" status="PASS">
          <reporter-output>
          </reporter-output>
        </test-method> <!-- getBooksTest -->
      </class> <!-- api.tests.UserAPITest -->
      <class name="runners.TestRunner">
        <test-method is-config="true" signature="setUpClass(org.testng.ITestContext)[pri:0, instance:runners.TestRunner@4ec4f3a0]" started-at="2026-05-16T15:28:59 IST" name="setUpClass" finished-at="2026-05-16T15:29:01 IST" duration-ms="1216" status="PASS">
          <params>
            <param index="0">
              <value>
                <![CDATA[org.testng.TestRunner@66020d69]]>
              </value>
            </param>
          </params>
          <reporter-output>
          </reporter-output>
        </test-method> <!-- setUpClass -->
        <test-method signature="runScenario(io.cucumber.testng.PickleWrapper,io.cucumber.testng.FeatureWrapper)[pri:0, instance:runners.TestRunner@4ec4f3a0]" started-at="2026-05-16T15:29:01 IST" name="runScenario" description="Runs Cucumber Scenarios" data-provider="scenarios" finished-at="2026-05-16T15:29:14 IST" duration-ms="13028" status="PASS">
          <params>
            <param index="0">
              <value>
                <![CDATA["Login with user shradha"]]>
              </value>
            </param>
            <param index="1">
              <value>
                <![CDATA["Swag Labs Login"]]>
              </value>
            </param>
          </params>
          <reporter-output>
          </reporter-output>
        </test-method> <!-- runScenario -->
        <test-method signature="runScenario(io.cucumber.testng.PickleWrapper,io.cucumber.testng.FeatureWrapper)[pri:0, instance:runners.TestRunner@4ec4f3a0]" started-at="2026-05-16T15:29:14 IST" name="runScenario" description="Runs Cucumber Scenarios" data-provider="scenarios" finished-at="2026-05-16T15:29:22 IST" duration-ms="8456" status="PASS">
          <params>
            <param index="0">
              <value>
                <![CDATA["Login with user amit"]]>
              </value>
            </param>
            <param index="1">
              <value>
                <![CDATA["Swag Labs Login"]]>
              </value>
            </param>
          </params>
          <reporter-output>
          </reporter-output>
        </test-method> <!-- runScenario -->
        <test-method is-config="true" signature="tearDownClass()[pri:0, instance:runners.TestRunner@4ec4f3a0]" started-at="2026-05-16T15:29:22 IST" name="tearDownClass" finished-at="2026-05-16T15:29:22 IST" duration-ms="3" status="PASS">
          <reporter-output>
          </reporter-output>
        </test-method> <!-- tearDownClass -->
      </class> <!-- runners.TestRunner -->
    </test> <!-- UI + API Tests -->
  </suite> <!-- Capstone Suite -->
</testng-results>
